<?xml version="1.0" encoding="UTF-8"?>
<!-- Generated by org.testng.reporters.JUnitReportReporter -->
<testsuite skipped="0" hostname="VishalKumar-Ja" name="com.crm.qa.testcases.HomePageTest" tests="3" failures="0" timestamp="2020-05-16T22:28:26 IST" time="46.656" errors="0">
  <testcase name="verifyhomepagetitletest" time="12.968" classname="com.crm.qa.testcases.HomePageTest"/>
  <system-out/>
  <testcase name="verifyusernametest" time="15.197" classname="com.crm.qa.testcases.HomePageTest"/>
  <system-out/>
  <testcase name="verifycontactlinktest" time="18.491" classname="com.crm.qa.testcases.HomePageTest"/>
  <system-out/>
</testsuite> <!-- com.crm.qa.testcases.HomePageTest -->
