<?xml version="1.0" encoding="UTF-8"?>
<!-- Generated by org.testng.reporters.JUnitReportReporter -->
<testsuite skipped="0" hostname="VishalKumar-Ja" name="com.crm.qa.testcases.LoginPageTest" tests="2" failures="0" timestamp="2020-05-16T21:23:11 IST" time="26.475" errors="0">
  <testcase name="loginPageTitleTest" time="12.825" classname="com.crm.qa.testcases.LoginPageTest"/>
  <system-out/>
  <testcase name="logintest" time="13.650" classname="com.crm.qa.testcases.LoginPageTest"/>
  <system-out/>
</testsuite> <!-- com.crm.qa.testcases.LoginPageTest -->
