<?xml version="1.0" encoding="UTF-8"?>
<!-- Generated by org.testng.reporters.JUnitReportReporter -->
<testsuite skipped="0" hostname="VishalKumar-Ja" name="com.crm.qa.testcases.HomePageTest" tests="2" failures="0" timestamp="2020-05-16T22:00:05 IST" time="28.758" errors="0">
  <testcase name="verifyhomepagetitletest" time="12.782" classname="com.crm.qa.testcases.HomePageTest"/>
  <system-out/>
  <testcase name="verifyusernametest" time="15.976" classname="com.crm.qa.testcases.HomePageTest"/>
  <system-out/>
</testsuite> <!-- com.crm.qa.testcases.HomePageTest -->
