<?xml version="1.0" encoding="UTF-8"?>
<!-- Generated by org.testng.reporters.JUnitReportReporter -->
<testsuite skipped="0" hostname="VishalKumar-Ja" name="com.crm.qa.testcases.HomePageTest" tests="3" failures="0" timestamp="2020-05-18T12:20:48 IST" time="42.160" errors="0">
  <testcase name="verifyhomepagetitletest" time="12.142" classname="com.crm.qa.testcases.HomePageTest"/>
  <system-out/>
  <testcase name="verifyusernametest" time="14.254" classname="com.crm.qa.testcases.HomePageTest"/>
  <system-out/>
  <testcase name="verifycontactlinktest" time="15.764" classname="com.crm.qa.testcases.HomePageTest"/>
  <system-out/>
</testsuite> <!-- com.crm.qa.testcases.HomePageTest -->
