<?xml version="1.0" encoding="UTF-8"?>
<!-- Generated by org.testng.reporters.JUnitReportReporter -->
<testsuite skipped="0" hostname="VishalKumar-Ja" name="com.crm.qa.testcases.LoginPageTest" tests="2" failures="0" timestamp="2020-05-16T22:28:26 IST" time="27.187" errors="0">
  <testcase name="loginPageTitleTest" time="13.969" classname="com.crm.qa.testcases.LoginPageTest"/>
  <system-out/>
  <testcase name="logintest" time="13.218" classname="com.crm.qa.testcases.LoginPageTest"/>
  <system-out/>
</testsuite> <!-- com.crm.qa.testcases.LoginPageTest -->
